2025-07-22T00:42:16.895898 - Installed Mozilla.Firefox: 0
2025-07-22T00:42:16.896559 - 
   - 
   \ 
   | 
   / 
   - 
                                                                                                                        

   - 
   \ 
                                                                                                                        
Encontrado Mozilla Firefox (en-US) [Mozilla.Firefox] Versión 140.0.4
El propietario de esta aplicación le concede una licencia.
Microsoft no es responsable, ni tampoco concede ninguna licencia de paquetes de terceros.
Descargando https://download-installer.cdn.mozilla.net/pub/firefox/releases/140.0.4/win64/en-US/Firefox%20Setup%20140.0.4.exe

   - 
   \ 
   | 
   / 
   - 
                                                                                                                        

  ██▒▒▒▒▒▒▒▒▒▒▒▒▒▒▒▒▒▒▒▒▒▒▒▒▒▒▒▒  5.00 MB / 69.5 MB
  ███████▒▒▒▒▒▒▒▒▒▒▒▒▒▒▒▒▒▒▒▒▒▒▒  18.0 MB / 69.5 MB
  ████████████▒▒▒▒▒▒▒▒▒▒▒▒▒▒▒▒▒▒  28.5 MB / 69.5 MB
  █████████████████▒▒▒▒▒▒▒▒▒▒▒▒▒  40.5 MB / 69.5 MB
  ███████████████████████▒▒▒▒▒▒▒  53.5 MB / 69.5 MB
  ███████████████████████████▒▒▒  64.5 MB / 69.5 MB
  ██████████████████████████████  69.5 MB / 69.5 MB
El hash del instalador se verificó correctamente
Iniciando instalación de paquete...

   - 
   \ 
   | 
   / 
   - 
   \ 
   | 
   / 
   - 
   \ 
   | 
   / 
   - 
   \ 
   | 
   / 
   - 
   \ 
   | 
   / 
   - 
   \ 
   | 
   / 
   - 
   \ 
   | 
   / 
   - 
   \ 
   | 
   / 
   - 
   \ 
   | 
                                                                                                                        
Instalado correctamente

